<?xml version="1.0" encoding="UTF-8"?>
<!-- Generated by org.testng.reporters.JUnitReportReporter -->
<testsuite skipped="0" hostname="swapnil-PC" name="test.FirstDemo2" tests="4" failures="0" timestamp="14 Oct 2019 03:32:20 GMT" time="0.016" errors="0">
  <testcase name="div" time="0.016" classname="test.FirstDemo2"/>
  <testcase name="sub" time="0.000" classname="test.FirstDemo2"/>
  <testcase name="mul" time="0.000" classname="test.FirstDemo2"/>
  <testcase name="sum" time="0.000" classname="test.FirstDemo2"/>
</testsuite> <!-- test.FirstDemo2 -->
